<?xml version="1.0" encoding="UTF-8"?>
<!-- Generated by org.testng.reporters.JUnitXMLReporter -->
<testsuite hostname="LAPTOP-JECORPIE" ignored="0" name="M21" tests="3" failures="0" timestamp="30 Jun 2022 17:43:45 GMT" time="44.461" errors="0">
  <testcase name="Verify_Satys_withoutData" time="1.511" classname="com.Booking.TestCase.TestCase_stays"/>
  <testcase name="Verify_covid19_travels" time="7.583" classname="com.Booking.TestCase.TestCase_stays"/>
  <testcase name="Verify_covid19_travels_and_seach_withoutData" time="8.866" classname="com.Booking.TestCase.TestCase_stays"/>
</testsuite> <!-- M21 -->
