<?xml version="1.0" encoding="UTF-8"?>
<!-- Generated by org.testng.reporters.JUnitXMLReporter -->
<testsuite hostname="Laptop-Harshal" ignored="5" name="Moto G(6)" tests="8" failures="0" timestamp="2022-05-02T13:14:14 IST" time="180.606" errors="0">
  <testcase name="Verify_TaskAndMaintenance_never" time="17.993" classname="com.qa.tests.Tc_TaskAndMaintenance"/>
  <testcase name="Verify_TaskAndMaintenance_EveryDay" time="15.052" classname="com.qa.tests.Tc_TaskAndMaintenance"/>
  <testcase name="Verify_TaskAndMaintenance_EveryWeek" time="17.975" classname="com.qa.tests.Tc_TaskAndMaintenance"/>
  <testcase name="Verify_TaskAndMaintenance_Everymonth_OnDay" time="17.055" classname="com.qa.tests.Tc_TaskAndMaintenance"/>
  <testcase name="Verify_TaskAndMaintenance_Everymonth_OnThe" time="19.436" classname="com.qa.tests.Tc_TaskAndMaintenance"/>
  <testcase name="Verify_TaskAndMaintenance_EveryYear_On" time="29.19" classname="com.qa.tests.Tc_TaskAndMaintenance"/>
  <testcase name="Verify_TaskAndMaintenance_EveryYear_OnThe" time="33.899" classname="com.qa.tests.Tc_TaskAndMaintenance"/>
  <testcase name="Verify_TaskAndMaintenance_Delete_yes" time="11.457" classname="com.qa.tests.Tc_TaskAndMaintenance"/>
  <testcase name="Verify_TaskAndMaintenance_Delete_No" time="0.0" classname="com.qa.tests.Tc_TaskAndMaintenance">
    <ignored/>
  </testcase> <!-- Verify_TaskAndMaintenance_Delete_No -->
  <testcase name="Verify_TaskAndMaintenance_Edit_no" time="0.0" classname="com.qa.tests.Tc_TaskAndMaintenance">
    <ignored/>
  </testcase> <!-- Verify_TaskAndMaintenance_Edit_no -->
  <testcase name="Verify_TaskAndMaintenance_NoValidDate" time="0.0" classname="com.qa.tests.Tc_TaskAndMaintenance">
    <ignored/>
  </testcase> <!-- Verify_TaskAndMaintenance_NoValidDate -->
  <testcase name="Verify_TaskAndMaintenance_Edit_yes" time="0.0" classname="com.qa.tests.Tc_TaskAndMaintenance">
    <ignored/>
  </testcase> <!-- Verify_TaskAndMaintenance_Edit_yes -->
  <testcase name="Verify_TaskAndMaintenance_cancel" time="0.0" classname="com.qa.tests.Tc_TaskAndMaintenance">
    <ignored/>
  </testcase> <!-- Verify_TaskAndMaintenance_cancel -->
</testsuite> <!-- Moto G(6) -->
