<?xml version="1.0" encoding="UTF-8"?>
<!-- Generated by org.testng.reporters.JUnitXMLReporter -->
<testsuite hostname="LAPTOP-JECORPIE" ignored="0" name="OnePlus_9" tests="5" failures="0" timestamp="10 Jul 2022 13:32:53 GMT" time="57.344" errors="0">
  <testcase name="TC_000" time="0.594" classname="com.Booking.TestCase.Tc_drag_drop"/>
  <testcase name="TC_001" time="5.998" classname="com.Booking.TestCase.Tc_drag_drop"/>
  <testcase name="TC_002" time="7.147" classname="com.Booking.TestCase.Tc_drag_drop"/>
  <testcase name="TC_003" time="14.359" classname="com.Booking.TestCase.Tc_drag_drop"/>
  <testcase name="TC_004" time="5.448" classname="com.Booking.TestCase.Tc_drag_drop"/>
</testsuite> <!-- OnePlus_9 -->
