<?xml version="1.0" encoding="UTF-8"?>
<!-- Generated by org.testng.reporters.JUnitXMLReporter -->
<testsuite hostname="Laptop-Harshal" ignored="32" name="redmi note 7 pro" tests="59" failures="0" timestamp="26 Jul 2021 06:04:58 GMT" time="642.582" errors="0">
  <testcase name="Verify_InvalidUserName" time="13.704" classname="com.qa.tests.Tc_LoginTests_01"/>
  <testcase name="Verify_InvalidPassword" time="7.539" classname="com.qa.tests.Tc_LoginTests_01"/>
  <testcase name="Verify_BlankPassword" time="6.927" classname="com.qa.tests.Tc_LoginTests_01"/>
  <testcase name="Verify_BlankUsename" time="5.051" classname="com.qa.tests.Tc_LoginTests_01"/>
  <testcase name="Verify_UsenameAddDot" time="7.222" classname="com.qa.tests.Tc_LoginTests_01"/>
  <testcase name="Verify_PasswordAddDot" time="6.901" classname="com.qa.tests.Tc_LoginTests_01"/>
  <testcase name="Verify_CaptialUsernameAndPassword" time="7.805" classname="com.qa.tests.Tc_LoginTests_01"/>
  <testcase name="Verify_Successful_Login_and_logout" time="15.092" classname="com.qa.tests.Tc_LoginTests_01"/>
  <testcase name="Verify_ForgotPassword_BlankUsername_" time="3.43" classname="com.qa.tests.Tc_LoginTests_01"/>
  <testcase name="Verify_ForgotPassword_enterUsername" time="4.593" classname="com.qa.tests.Tc_LoginTests_01"/>
  <testcase name="Verify_login" time="20.405" classname="com.qa.tests.Tc_Report_02"/>
  <testcase name="Verify_Sendreport_select_incident" time="24.885" classname="com.qa.tests.Tc_Report_02"/>
  <testcase name="Verify_Sendreport_select_incident_And_confidential" time="16.656" classname="com.qa.tests.Tc_Report_02"/>
  <testcase name="Verify_Sendreport_BlankText" time="16.43" classname="com.qa.tests.Tc_Report_02"/>
  <testcase name="Verify_Sendreport_select_Accident_And_confidential" time="16.482" classname="com.qa.tests.Tc_Report_02"/>
  <testcase name="Verify_Sendreport_Accidents_BlankText" time="15.799" classname="com.qa.tests.Tc_Report_02"/>
  <testcase name="Verify_Sendreport_select_Accident" time="12.355" classname="com.qa.tests.Tc_Report_02"/>
  <testcase name="Verify_Sendreport_select_suggetion" time="14.913" classname="com.qa.tests.Tc_Report_02"/>
  <testcase name="Verify_Sendreport_select_Suggetions_And_confidential" time="22.131" classname="com.qa.tests.Tc_Report_02"/>
  <testcase name="Verify_settings_sound" time="17.166" classname="com.qa.tests.Tc_settingspage_03"/>
  <testcase name="Verify_settings_volume" time="2.346" classname="com.qa.tests.Tc_settingspage_03"/>
  <testcase name="Verify_settings_Rename" time="1.598" classname="com.qa.tests.Tc_settingspage_03"/>
  <testcase name="Verify_settings_All" time="11.218" classname="com.qa.tests.Tc_settingspage_03"/>
  <testcase name="Verify_settings_ViewOnly" time="10.638" classname="com.qa.tests.Tc_settingspage_03"/>
  <testcase name="Verify_pages" time="27.965" classname="com.qa.tests.Tc_page_04"/>
  <testcase name="Verify_TimerSetText" time="12.186" classname="com.qa.tests.TC_overview_05"/>
  <testcase name="Verify_TimerSetOff" time="4.463" classname="com.qa.tests.TC_overview_05"/>
  <testcase name="Verify_TimerSetOn" time="6.632" classname="com.qa.tests.TC_overview_05"/>
  <testcase name="Verify_TimerRemove_Yes" time="2.332" classname="com.qa.tests.TC_overview_05"/>
  <testcase name="Verify_setup" time="2.968" classname="com.qa.tests.TC_overview_05"/>
  <testcase name="Verify_NoProduction" time="2.384" classname="com.qa.tests.TC_overview_05"/>
  <testcase name="Verify_Production" time="2.379" classname="com.qa.tests.TC_overview_05"/>
  <testcase name="Verify_Restart_SetApp_text" time="1.003" classname="com.qa.tests.TC_overview_05"/>
  <testcase name="Verify_Restart_SetApp_yes" time="2.826" classname="com.qa.tests.TC_overview_05"/>
  <testcase name="Verify_Restart_SetApp_No" time="3.257" classname="com.qa.tests.TC_overview_05"/>
  <testcase name="Verify_setupStartON" time="2.342" classname="com.qa.tests.TC_overview_05"/>
  <testcase name="Verify_sound" time="0.193" classname="com.qa.tests.TC_overview_05"/>
  <testcase name="Verify_MachineStatus_text" time="0.372" classname="com.qa.tests.TC_overview_05"/>
  <testcase name="Verify_OperationStatus_text" time="0.159" classname="com.qa.tests.TC_overview_05"/>
  <testcase name="Verify_BatteryLevel" time="11.282" classname="com.qa.tests.TC_overview_05"/>
  <testcase name="Verify_Battery_Level_viewonly" time="6.285" classname="com.qa.tests.TC_overview_05"/>
  <testcase name="Verify_check_view_startON" time="1.501" classname="com.qa.tests.TC_overview_05"/>
  <testcase name="Test_case_check_In" time="0.026" classname="com.qa.tests.Tc_check_In_06"/>
  <testcase name="Test_case_view_Only" time="6.344" classname="com.qa.tests.Tc_check_In_06"/>
  <testcase name="Verify_TaskAndMaintenance_never" time="23.041" classname="com.qa.tests.Tc_TaskAndMaintenance"/>
  <testcase name="Verify_TaskAndMaintenance_EveryDay" time="14.891" classname="com.qa.tests.Tc_TaskAndMaintenance"/>
  <testcase name="Verify_TaskAndMaintenance_EveryWeek" time="17.177" classname="com.qa.tests.Tc_TaskAndMaintenance"/>
  <testcase name="Verify_TaskAndMaintenance_Everymonth_OnDay" time="16.454" classname="com.qa.tests.Tc_TaskAndMaintenance"/>
  <testcase name="Verify_TaskAndMaintenance_Everymonth_OnThe" time="19.044" classname="com.qa.tests.Tc_TaskAndMaintenance"/>
  <testcase name="Verify_TaskAndMaintenance_EveryYear_On" time="27.623" classname="com.qa.tests.Tc_TaskAndMaintenance"/>
  <testcase name="Verify_TaskAndMaintenance_EveryYear_OnThe" time="28.568" classname="com.qa.tests.Tc_TaskAndMaintenance"/>
  <testcase name="Verify_TaskAndMaintenance_NoValidDate" time="11.514" classname="com.qa.tests.Tc_TaskAndMaintenance"/>
  <testcase name="Verify_TaskAndMaintenance_cancel" time="6.263" classname="com.qa.tests.Tc_TaskAndMaintenance"/>
  <testcase name="Verify_TaskAndMaintenance_Edit_yes" time="10.781" classname="com.qa.tests.Tc_TaskAndMaintenance"/>
  <testcase name="Verify_TaskAndMaintenance_Edit_no" time="7.883" classname="com.qa.tests.Tc_TaskAndMaintenance"/>
  <testcase name="Verify_TaskAndMaintenance_Delete_No" time="6.639" classname="com.qa.tests.Tc_TaskAndMaintenance"/>
  <testcase name="Verify_TaskAndMaintenance_Delete_yes" time="8.876" classname="com.qa.tests.Tc_TaskAndMaintenance"/>
  <testcase name="Verify_help_details" time="17.921" classname="com.qa.tests.helpPage"/>
  <testcase name="Verify_help_emptyText_send" time="6.865" classname="com.qa.tests.helpPage"/>
  <testcase name="Tc_login" time="0.0" classname="com.qa.tests.Tc_settingspage_03">
    <ignored/>
  </testcase> <!-- Tc_login -->
  <testcase name="@BeforeTest beforeTest" time="0.0" classname="com.qa.BaseTest">
    <ignored/>
  </testcase> <!-- @BeforeTest beforeTest -->
  <testcase name="@BeforeTest beforeTest" time="0.0" classname="com.qa.BaseTest">
    <ignored/>
  </testcase> <!-- @BeforeTest beforeTest -->
  <testcase name="@BeforeTest beforeTest" time="0.0" classname="com.qa.BaseTest">
    <ignored/>
  </testcase> <!-- @BeforeTest beforeTest -->
  <testcase name="@BeforeTest beforeTest" time="0.0" classname="com.qa.BaseTest">
    <ignored/>
  </testcase> <!-- @BeforeTest beforeTest -->
  <testcase name="@BeforeTest beforeTest" time="0.0" classname="com.qa.BaseTest">
    <ignored/>
  </testcase> <!-- @BeforeTest beforeTest -->
  <testcase name="@BeforeTest beforeTest" time="0.0" classname="com.qa.BaseTest">
    <ignored/>
  </testcase> <!-- @BeforeTest beforeTest -->
  <testcase name="@BeforeTest beforeTest" time="0.0" classname="com.qa.BaseTest">
    <ignored/>
  </testcase> <!-- @BeforeTest beforeTest -->
  <testcase name="@AfterTest afterTest" time="0.0" classname="com.qa.BaseTest">
    <ignored/>
  </testcase> <!-- @AfterTest afterTest -->
  <testcase name="@AfterTest afterTest" time="0.0" classname="com.qa.BaseTest">
    <ignored/>
  </testcase> <!-- @AfterTest afterTest -->
  <testcase name="@AfterTest afterTest" time="0.0" classname="com.qa.BaseTest">
    <ignored/>
  </testcase> <!-- @AfterTest afterTest -->
  <testcase name="@AfterTest afterTest" time="0.0" classname="com.qa.BaseTest">
    <ignored/>
  </testcase> <!-- @AfterTest afterTest -->
  <testcase name="@AfterTest afterTest" time="0.0" classname="com.qa.BaseTest">
    <ignored/>
  </testcase> <!-- @AfterTest afterTest -->
  <testcase name="@AfterTest afterTest" time="0.0" classname="com.qa.BaseTest">
    <ignored/>
  </testcase> <!-- @AfterTest afterTest -->
  <testcase name="@AfterTest afterTest" time="0.0" classname="com.qa.BaseTest">
    <ignored/>
  </testcase> <!-- @AfterTest afterTest -->
  <testcase name="Tc_login" time="0.0" classname="com.qa.tests.Tc_page_04">
    <ignored/>
  </testcase> <!-- Tc_login -->
  <testcase name="Verify_Sendreport_unselectDate" time="0.0" classname="com.qa.tests.Tc_Report_02">
    <ignored/>
  </testcase> <!-- Verify_Sendreport_unselectDate -->
  <testcase name="@AfterSuite afterSuite" time="0.0" classname="com.qa.BaseTest">
    <ignored/>
  </testcase> <!-- @AfterSuite afterSuite -->
  <testcase name="@AfterSuite afterSuite" time="0.0" classname="com.qa.BaseTest">
    <ignored/>
  </testcase> <!-- @AfterSuite afterSuite -->
  <testcase name="@AfterSuite afterSuite" time="0.0" classname="com.qa.BaseTest">
    <ignored/>
  </testcase> <!-- @AfterSuite afterSuite -->
  <testcase name="@AfterSuite afterSuite" time="0.0" classname="com.qa.BaseTest">
    <ignored/>
  </testcase> <!-- @AfterSuite afterSuite -->
  <testcase name="@AfterSuite afterSuite" time="0.0" classname="com.qa.BaseTest">
    <ignored/>
  </testcase> <!-- @AfterSuite afterSuite -->
  <testcase name="@AfterSuite afterSuite" time="0.0" classname="com.qa.BaseTest">
    <ignored/>
  </testcase> <!-- @AfterSuite afterSuite -->
  <testcase name="@AfterSuite afterSuite" time="0.0" classname="com.qa.BaseTest">
    <ignored/>
  </testcase> <!-- @AfterSuite afterSuite -->
  <testcase name="Tc_login" time="0.0" classname="com.qa.tests.Tc_check_In_06">
    <ignored/>
  </testcase> <!-- Tc_login -->
  <testcase name="@BeforeSuite beforeSuite" time="0.0" classname="com.qa.BaseTest">
    <ignored/>
  </testcase> <!-- @BeforeSuite beforeSuite -->
  <testcase name="@BeforeSuite beforeSuite" time="0.0" classname="com.qa.BaseTest">
    <ignored/>
  </testcase> <!-- @BeforeSuite beforeSuite -->
  <testcase name="@BeforeSuite beforeSuite" time="0.0" classname="com.qa.BaseTest">
    <ignored/>
  </testcase> <!-- @BeforeSuite beforeSuite -->
  <testcase name="@BeforeSuite beforeSuite" time="0.0" classname="com.qa.BaseTest">
    <ignored/>
  </testcase> <!-- @BeforeSuite beforeSuite -->
  <testcase name="@BeforeSuite beforeSuite" time="0.0" classname="com.qa.BaseTest">
    <ignored/>
  </testcase> <!-- @BeforeSuite beforeSuite -->
  <testcase name="@BeforeSuite beforeSuite" time="0.0" classname="com.qa.BaseTest">
    <ignored/>
  </testcase> <!-- @BeforeSuite beforeSuite -->
  <testcase name="@BeforeSuite beforeSuite" time="0.0" classname="com.qa.BaseTest">
    <ignored/>
  </testcase> <!-- @BeforeSuite beforeSuite -->
</testsuite> <!-- redmi note 7 pro -->
